<?xml version="1.0" encoding="UTF-8"?>
<!-- Generated by org.testng.reporters.JUnitXMLReporter -->
<testsuite ignored="0" hostname="Kevins-MacBook-Air.local" failures="0" tests="3" name="Test" time="0.107" errors="0" timestamp="2024-04-24T16:44:50 PDT">
  <testcase classname="tests.FirstTests" name="Demo" time="0.011"/>
  <testcase classname="tests.FirstTests" name="SecondTest" time="0.002"/>
  <testcase classname="tests.SecondTests" name="PersonalLoan" time="0.003"/>
</testsuite> <!-- Test -->
