<?xml version="1.0" encoding="UTF-8"?>
<!-- Generated by org.testng.reporters.JUnitXMLReporter -->
<testsuite ignored="1" hostname="Kevins-MacBook-Air.local" failures="0" tests="4" name="Home Loans" time="0.065" errors="0" timestamp="2024-04-25T12:37:12 PDT">
  <testcase classname="tests.LoanLogins" name="APILogin" time="0.002"/>
  <testcase classname="tests.LoanLogins" name="MobileLogin" time="0.004"/>
  <testcase classname="tests.HomeLoans" name="MobileSearchHome" time="0.003"/>
  <testcase classname="tests.HomeLoans" name="MobileLoginHome" time="0.01"/>
  <testcase classname="tests.LoanLogins" name="WebLogin" time="0.0">
    <ignored/>
  </testcase> <!-- WebLogin -->
</testsuite> <!-- Home Loans -->
