<?xml version="1.0" encoding="UTF-8"?>
<!-- Generated by org.testng.reporters.JUnitXMLReporter -->
<testsuite ignored="1" hostname="Kevins-MacBook-Air.local" failures="0" tests="5" name="Home Loans" time="0.051" errors="0" timestamp="2024-04-24T18:40:25 PDT">
  <testcase classname="tests.LoanLogins" name="APILogin" time="0.003"/>
  <testcase classname="tests.LoanLogins" name="WebLogin" time="0.003"/>
  <testcase classname="tests.HomeLoans" name="APILoginHome" time="0.007"/>
  <testcase classname="tests.HomeLoans" name="MobileLoginHome" time="0.001"/>
  <testcase classname="tests.HomeLoans" name="WebLoginHome" time="0.007"/>
  <testcase classname="tests.LoanLogins" name="MobileLogin" time="0.0">
    <ignored/>
  </testcase> <!-- MobileLogin -->
</testsuite> <!-- Home Loans -->
