<?xml version="1.0" encoding="UTF-8"?>
<!-- Generated by org.testng.reporters.JUnitXMLReporter -->
<testsuite ignored="4" hostname="Kevins-MacBook-Air.local" failures="0" tests="4" name="Smoke" time="0.119" errors="0" timestamp="2024-04-25T11:29:42 PDT">
  <testcase classname="tests.FirstTests" name="Demo" time="0.013"/>
  <testcase classname="tests.SecondTests" name="PersonalLoan" time="0.002"/>
  <testcase classname="tests.LoanLogins" name="MobileLogin" time="0.012"/>
  <testcase classname="tests.HomeLoans" name="MobileSearchHome" time="0.007"/>
  <testcase classname="tests.LoanLogins" name="APILogin" time="0.0">
    <ignored/>
  </testcase> <!-- APILogin -->
  <testcase classname="tests.FirstTests" name="SecondTest" time="0.0">
    <ignored/>
  </testcase> <!-- SecondTest -->
  <testcase classname="tests.LoanLogins" name="WebLogin" time="0.0">
    <ignored/>
  </testcase> <!-- WebLogin -->
  <testcase classname="tests.HomeLoans" name="MobileLoginHome" time="0.0">
    <ignored/>
  </testcase> <!-- MobileLoginHome -->
</testsuite> <!-- Smoke -->
