<?xml version="1.0" encoding="UTF-8"?>
<!-- Generated by org.testng.reporters.JUnitXMLReporter -->
<testsuite ignored="0" hostname="Kevins-MacBook-Air.local" failures="0" tests="3" name="Test" time="0.111" errors="0" timestamp="2024-04-24T18:40:25 PDT">
  <testcase classname="tests.FirstTests" name="Demo" time="0.013"/>
  <testcase classname="tests.FirstTests" name="SecondTest" time="0.003"/>
  <testcase classname="tests.SecondTests" name="PersonalLoan" time="0.005"/>
</testsuite> <!-- Test -->
