<?xml version="1.0" encoding="UTF-8"?>
<!-- Generated by org.testng.reporters.JUnitXMLReporter -->
<testsuite ignored="1" hostname="Kevins-MacBook-Air.local" failures="0" tests="10" name="Test" time="0.191" errors="0" timestamp="2024-04-25T13:03:28 PDT">
  <testcase classname="tests.SecondTests" name="PersonalLoan" time="0.007"/>
  <testcase classname="tests.HomeLoans" name="MobileSearchHome" time="0.002"/>
  <testcase classname="tests.HomeLoans" name="MobileLoginHome" time="0.005"/>
  <testcase classname="tests.FirstTests" name="Demo" time="0.003"/>
  <testcase classname="tests.FirstTests" name="SecondTest" time="0.002"/>
  <testcase classname="tests.LoanLogins" name="APICarLogin" time="0.002"/>
  <testcase classname="tests.LoanLogins" name="APICarLogin" time="0.003"/>
  <testcase classname="tests.LoanLogins" name="APICarLogin" time="0.002"/>
  <testcase classname="tests.LoanLogins" name="APILogin" time="0.039"/>
  <testcase classname="tests.LoanLogins" name="MobileLogin" time="0.003"/>
  <testcase classname="tests.LoanLogins" name="WebLogin" time="0.0">
    <ignored/>
  </testcase> <!-- WebLogin -->
</testsuite> <!-- Test -->
